TN:
SF:db.js
FNF:0
FNH:0
DA:1,4
DA:2,4
DA:4,4
DA:11,4
LF:4
LH:4
BRF:0
BRH:0
end_of_record
TN:
SF:models\bookModel.js
FN:3,addBook
FN:11,getBooks
FN:16,updateBook
FN:24,deleteBook
FNF:4
FNH:4
FNDA:4,addBook
FNDA:5,getBooks
FNDA:2,updateBook
FNDA:2,deleteBook
DA:1,4
DA:4,4
DA:8,3
DA:12,5
DA:13,5
DA:17,2
DA:21,2
DA:25,2
DA:26,2
DA:29,4
LF:10
LH:10
BRF:0
BRH:0
end_of_record
TN:
SF:routes\bookRoutes.js
FN:5,(anonymous_0)
FN:14,(anonymous_1)
FN:19,(anonymous_2)
FN:24,(anonymous_3)
FNF:4
FNH:4
FNDA:2,(anonymous_0)
FNDA:2,(anonymous_1)
FNDA:1,(anonymous_2)
FNDA:1,(anonymous_3)
DA:1,2
DA:2,2
DA:3,2
DA:5,2
DA:6,2
DA:7,2
DA:8,1
DA:10,1
DA:14,2
DA:15,2
DA:16,2
DA:19,2
DA:20,1
DA:21,1
DA:24,2
DA:25,1
DA:26,1
DA:29,2
LF:18
LH:18
BRF:0
BRH:0
end_of_record
